2023-03-03 18:06:50,173 INFO o.a.j.u.JMeterUtils: Setting Locale to en_EN
2023-03-03 18:06:50,195 INFO o.a.j.JMeter: Loading user properties from: /usr/local/Cellar/jmeter/5.5/libexec/bin/user.properties
2023-03-03 18:06:50,196 INFO o.a.j.JMeter: Loading system properties from: /usr/local/Cellar/jmeter/5.5/libexec/bin/system.properties
2023-03-03 18:06:50,202 INFO o.a.j.JMeter: Copyright (c) 1998-2022 The Apache Software Foundation
2023-03-03 18:06:50,202 INFO o.a.j.JMeter: Version 5.5
2023-03-03 18:06:50,202 INFO o.a.j.JMeter: java.version=19.0.2
2023-03-03 18:06:50,202 INFO o.a.j.JMeter: java.vm.name=OpenJDK 64-Bit Server VM
2023-03-03 18:06:50,203 INFO o.a.j.JMeter: os.name=Mac OS X
2023-03-03 18:06:50,203 INFO o.a.j.JMeter: os.arch=x86_64
2023-03-03 18:06:50,203 INFO o.a.j.JMeter: os.version=13.2.1
2023-03-03 18:06:50,203 INFO o.a.j.JMeter: file.encoding=UTF-8
2023-03-03 18:06:50,203 INFO o.a.j.JMeter: java.awt.headless=null
2023-03-03 18:06:50,203 INFO o.a.j.JMeter: Max memory     =1073741824
2023-03-03 18:06:50,203 INFO o.a.j.JMeter: Available Processors =12
2023-03-03 18:06:50,213 INFO o.a.j.JMeter: Default Locale=English (EN)
2023-03-03 18:06:50,213 INFO o.a.j.JMeter: JMeter  Locale=English (EN)
2023-03-03 18:06:50,213 INFO o.a.j.JMeter: JMeterHome=/usr/local/Cellar/jmeter/5.5/libexec
2023-03-03 18:06:50,213 INFO o.a.j.JMeter: user.dir  =/Users/elajamali/machmeter/machmeter
2023-03-03 18:06:50,213 INFO o.a.j.JMeter: PWD       =/Users/elajamali/machmeter/machmeter
2023-03-03 18:06:50,275 INFO o.a.j.JMeter: IP: 100.112.111.56 Name: elajamali-macbookpro.roam.corp.google.com FullName: 100.112.111.56
2023-03-03 18:06:50,287 INFO o.a.j.JMeter: Loaded icon properties from org/apache/jmeter/images/icon.properties
2023-03-03 18:06:50,659 INFO o.a.j.JMeterGuiLauncher: Setting LAF to: com.github.weisj.darklaf.DarkLaf:com.github.weisj.darklaf.theme.DarculaTheme
2023-03-03 18:06:52,479 INFO o.j.r.JARSourceHTTP: Requesting https://jmeter-plugins.org/repo/?installID=google_cloud-f0b2c2a22e93dcd8afe9a154cdae9efc-gui
2023-03-03 18:06:53,252 INFO o.j.r.PluginManager: Plugins Status: [jpgc-plugins-manager=1.7, jmeter-core=5.5, jmeter-ftp=5.5, jmeter-http=5.5, jmeter-jdbc=5.5, jmeter-jms=5.5, jmeter-junit=5.5, jmeter-java=5.5, jmeter-ldap=5.5, jmeter-mail=5.5, jmeter-mongodb=5.5, jmeter-native=5.5, jmeter-tcp=5.5, jmeter-components=5.5]
2023-03-03 18:06:53,254 INFO o.j.r.PluginManagerMenuItem: Plugins Manager has upgrades: [jpgc-plugins-manager]
2023-03-03 18:07:23,480 INFO o.a.j.s.FileServer: Default base='/Users/elajamali/machmeter/machmeter'
2023-03-03 18:07:23,483 INFO o.a.j.g.a.Load: Loading file: /Users/elajamali/machmeter/machmeter/usecases/gaming/single-player-games/templates/data-load.jmx
2023-03-03 18:07:23,483 INFO o.a.j.s.FileServer: Set new base='/Users/elajamali/machmeter/machmeter/usecases/gaming/single-player-games/templates'
2023-03-03 18:07:23,669 INFO o.a.j.s.SaveService: Testplan (JMX) version: 2.2. Testlog (JTL) version: 2.2
2023-03-03 18:07:23,675 INFO o.a.j.s.SaveService: Using SaveService properties version 5.0
2023-03-03 18:07:23,676 INFO o.a.j.s.SaveService: Using SaveService properties file encoding UTF-8
2023-03-03 18:07:23,677 INFO o.a.j.s.SaveService: Loading file: /Users/elajamali/machmeter/machmeter/usecases/gaming/single-player-games/templates/data-load.jmx
2023-03-03 18:07:24,222 INFO o.a.j.s.SampleResult: Note: Sample TimeStamps are START times
2023-03-03 18:07:24,222 INFO o.a.j.s.SampleResult: sampleresult.default.encoding is set to ISO-8859-1
2023-03-03 18:07:24,223 INFO o.a.j.s.SampleResult: sampleresult.useNanoTime=true
2023-03-03 18:07:24,223 INFO o.a.j.s.SampleResult: sampleresult.nanoThreadSleep=5000
2023-03-03 18:07:24,396 INFO o.a.j.v.ViewResultsFullVisualizer: Add JavaFX to your Java installation if you want to use renderer: org.apache.jmeter.visualizers.RenderInBrowser
2023-03-03 18:07:24,492 INFO o.a.j.s.FileServer: Set new base='/Users/elajamali/machmeter/machmeter/usecases/gaming/single-player-games/templates'
2023-03-03 18:07:31,184 INFO o.a.j.e.StandardJMeterEngine: Running the test!
2023-03-03 18:07:31,193 INFO o.a.j.s.SampleEvent: List of sample_variables: []
2023-03-03 18:07:31,193 INFO o.a.j.s.SampleEvent: List of sample_variables: []
2023-03-03 18:07:31,194 INFO o.a.j.e.u.CompoundVariable: Note: Function class names must contain the string: '.functions.'
2023-03-03 18:07:31,194 INFO o.a.j.e.u.CompoundVariable: Note: Function class names must not contain the string: '.gui.'
2023-03-03 18:07:31,240 INFO o.a.j.t.TestPlan: added /Users/elajamali/jmeter-test/ to classpath
2023-03-03 18:07:31,355 INFO o.a.j.g.u.JMeterMenuBar: setRunning(true, *local*)
2023-03-03 18:07:31,400 INFO o.a.j.e.StandardJMeterEngine: Starting ThreadGroup: 1 : Insert Data
2023-03-03 18:07:31,401 INFO o.a.j.e.StandardJMeterEngine: Starting 10 threads for group Insert Data.
2023-03-03 18:07:31,401 INFO o.a.j.e.StandardJMeterEngine: Thread will continue on error
2023-03-03 18:07:31,402 INFO o.a.j.t.ThreadGroup: Starting thread group... number=1 threads=10 ramp-up=1 delayedStart=false
2023-03-03 18:07:31,406 INFO o.a.j.t.JMeterThread: Thread started: Insert Data 1-1
2023-03-03 18:07:31,408 INFO o.a.j.t.ThreadGroup: Started thread group number 1
2023-03-03 18:07:31,408 INFO o.a.j.e.StandardJMeterEngine: Waiting for thread group: Insert Data to finish before starting next group
2023-03-03 18:07:31,505 INFO o.a.j.t.JMeterThread: Thread started: Insert Data 1-2
2023-03-03 18:07:31,605 INFO o.a.j.t.JMeterThread: Thread started: Insert Data 1-3
2023-03-03 18:07:31,705 INFO o.a.j.t.JMeterThread: Thread started: Insert Data 1-4
2023-03-03 18:07:31,806 INFO o.a.j.t.JMeterThread: Thread started: Insert Data 1-5
2023-03-03 18:07:31,907 INFO o.a.j.t.JMeterThread: Thread started: Insert Data 1-6
2023-03-03 18:07:32,005 INFO o.a.j.t.JMeterThread: Thread started: Insert Data 1-7
2023-03-03 18:07:32,104 INFO o.a.j.t.JMeterThread: Thread started: Insert Data 1-8
2023-03-03 18:07:32,203 INFO o.a.j.t.JMeterThread: Thread started: Insert Data 1-9
2023-03-03 18:07:32,306 INFO o.a.j.t.JMeterThread: Thread started: Insert Data 1-10
2023-03-03 18:07:33,638 INFO o.a.j.t.JMeterThread: Thread is done: Insert Data 1-1
2023-03-03 18:07:33,638 INFO o.a.j.t.JMeterThread: Thread finished: Insert Data 1-1
2023-03-03 18:07:33,640 INFO o.a.j.t.JMeterThread: Thread is done: Insert Data 1-9
2023-03-03 18:07:33,641 INFO o.a.j.t.JMeterThread: Thread finished: Insert Data 1-9
2023-03-03 18:07:33,642 INFO o.a.j.t.JMeterThread: Thread is done: Insert Data 1-8
2023-03-03 18:07:33,642 INFO o.a.j.t.JMeterThread: Thread finished: Insert Data 1-8
2023-03-03 18:07:33,644 INFO o.a.j.t.JMeterThread: Thread is done: Insert Data 1-7
2023-03-03 18:07:33,644 INFO o.a.j.t.JMeterThread: Thread finished: Insert Data 1-7
2023-03-03 18:07:33,645 INFO o.a.j.t.JMeterThread: Thread is done: Insert Data 1-6
2023-03-03 18:07:33,646 INFO o.a.j.t.JMeterThread: Thread finished: Insert Data 1-6
2023-03-03 18:07:33,647 INFO o.a.j.t.JMeterThread: Thread is done: Insert Data 1-5
2023-03-03 18:07:33,648 INFO o.a.j.t.JMeterThread: Thread finished: Insert Data 1-5
2023-03-03 18:07:33,649 INFO o.a.j.t.JMeterThread: Thread is done: Insert Data 1-4
2023-03-03 18:07:33,649 INFO o.a.j.t.JMeterThread: Thread finished: Insert Data 1-4
2023-03-03 18:07:33,652 INFO o.a.j.t.JMeterThread: Thread is done: Insert Data 1-3
2023-03-03 18:07:33,653 INFO o.a.j.t.JMeterThread: Thread finished: Insert Data 1-3
2023-03-03 18:07:33,660 INFO o.a.j.t.JMeterThread: Thread is done: Insert Data 1-10
2023-03-03 18:07:33,660 INFO o.a.j.t.JMeterThread: Thread finished: Insert Data 1-10
2023-03-03 18:07:33,662 INFO o.a.j.t.JMeterThread: Thread is done: Insert Data 1-2
2023-03-03 18:07:33,662 INFO o.a.j.t.JMeterThread: Thread finished: Insert Data 1-2
2023-03-03 18:07:33,663 INFO o.a.j.e.StandardJMeterEngine: Starting ThreadGroup: 2 : Create Sampled CSV Data
2023-03-03 18:07:33,663 INFO o.a.j.e.StandardJMeterEngine: Starting 1 threads for group Create Sampled CSV Data.
2023-03-03 18:07:33,663 INFO o.a.j.e.StandardJMeterEngine: Thread will continue on error
2023-03-03 18:07:33,663 INFO o.a.j.t.ThreadGroup: Starting thread group... number=2 threads=1 ramp-up=1 delayedStart=false
2023-03-03 18:07:33,664 INFO o.a.j.t.ThreadGroup: Started thread group number 2
2023-03-03 18:07:33,664 INFO o.a.j.e.StandardJMeterEngine: All thread groups have been started
2023-03-03 18:07:33,664 INFO o.a.j.t.JMeterThread: Thread started: Create Sampled CSV Data 2-1
2023-03-03 18:07:33,667 WARN o.a.j.p.j.p.AbstractJDBCProcessor: SQL Problem in JDBC PreProcessor: java.sql.SQLException: Cannot create PoolableConnectionFactory (isValid() returned false)
2023-03-03 18:07:33,733 ERROR o.a.j.m.JSR223PreProcessor: Problem in JSR223 script, JSR223 PreProcessor
javax.script.ScriptException: Sourced file: inline evaluation of: ``resultSet = vars.getObject("resultSet"); StringBuilder result = new StringBuilde . . . '' : Can't iterate over type: class bsh.Primitive : at Line: 4 : in file: inline evaluation of: ``resultSet = vars.getObject("resultSet"); StringBuilder result = new StringBuilde . . . '' : for ( Object row : resultSet ) { 
 in inline evaluation of: ``resultSet = vars.getObject("resultSet"); StringBuilder result = new StringBuilde . . . '' at line number 4
	at bsh.engine.BshScriptEngine.evalSource(BshScriptEngine.java:93) ~[bsh-2.0b6.jar:2.0b6 2016-02-05 05:16:19]
	at bsh.engine.BshScriptEngine.eval(BshScriptEngine.java:46) ~[bsh-2.0b6.jar:2.0b6 2016-02-05 05:16:19]
	at javax.script.AbstractScriptEngine.eval(AbstractScriptEngine.java:231) ~[java.scripting:?]
	at org.apache.jmeter.util.JSR223TestElement.processFileOrScript(JSR223TestElement.java:219) ~[ApacheJMeter_core.jar:5.5]
	at org.apache.jmeter.modifiers.JSR223PreProcessor.process(JSR223PreProcessor.java:45) ~[ApacheJMeter_components.jar:5.5]
	at org.apache.jmeter.threads.JMeterThread.runPreProcessors(JMeterThread.java:978) ~[ApacheJMeter_core.jar:5.5]
	at org.apache.jmeter.threads.JMeterThread.executeSamplePackage(JMeterThread.java:561) ~[ApacheJMeter_core.jar:5.5]
	at org.apache.jmeter.threads.JMeterThread.processSampler(JMeterThread.java:501) ~[ApacheJMeter_core.jar:5.5]
	at org.apache.jmeter.threads.JMeterThread.run(JMeterThread.java:268) ~[ApacheJMeter_core.jar:5.5]
	at java.lang.Thread.run(Thread.java:1589) ~[?:?]
2023-03-03 18:07:33,744 INFO o.a.j.t.JMeterThread: Thread is done: Create Sampled CSV Data 2-1
2023-03-03 18:07:33,744 INFO o.a.j.t.JMeterThread: Thread finished: Create Sampled CSV Data 2-1
2023-03-03 18:07:33,744 INFO o.a.j.e.StandardJMeterEngine: Notifying test listeners of end of test
2023-03-03 18:07:33,744 INFO o.a.j.g.u.JMeterMenuBar: setRunning(false, *local*)
